# JRE version: Java(TM) SE Runtime Environment (8.0_45-b14) (build 1.8.0_45-b14)
# Java VM: Java HotSpot(TM) 64-Bit Server VM (25.45-b02 mixed mode linux-amd64 compressed oops)
Heap:
 PSYoungGen      total 1077248K, used 583609K [0x000000076cb00000, 0x00000007bfe00000, 0x00000007c0000000)
  eden space 792576K, 50% used [0x000000076cb00000,0x000000078556d1b8,0x000000079d100000)
  from space 284672K, 63% used [0x00000007ae800000,0x00000007b97815c8,0x00000007bfe00000)
  to   space 285184K, 0% used [0x000000079d100000,0x000000079d100000,0x00000007ae780000)
 ParOldGen       total 1275392K, used 935088K [0x00000006c6000000, 0x0000000713d80000, 0x000000076cb00000)
  object space 1275392K, 73% used [0x00000006c6000000,0x00000006ff12c080,0x0000000713d80000)
 Metaspace       used 54889K, capacity 55658K, committed 55936K, reserved 1097728K
  class space    used 8058K, capacity 8249K, committed 8320K, reserved 1048576K
GC Heap History (10 events):
Event: 20,222 GC heap before
{Heap before GC invocations=30 (full 6):
 PSYoungGen      total 1073664K, used 952542K [0x000000076cb00000, 0x00000007c0000000, 0x00000007c0000000)
  eden space 782336K, 100% used [0x000000076cb00000,0x000000079c700000,0x000000079c700000)
  from space 291328K, 58% used [0x000000079c700000,0x00000007a6d37890,0x00000007ae380000)
  to   space 291328K, 0% used [0x00000007ae380000,0x00000007ae380000,0x00000007c0000000)
 ParOldGen       total 1275392K, used 935048K [0x00000006c6000000, 0x0000000713d80000, 0x000000076cb00000)
  object space 1275392K, 73% used [0x00000006c6000000,0x00000006ff122080,0x0000000713d80000)
 Metaspace       used 42773K, capacity 43224K, committed 43392K, reserved 1085440K
  class space    used 6592K, capacity 6724K, committed 6784K, reserved 1048576K
Event: 20,280 GC heap after
Heap after GC invocations=30 (full 6):
 PSYoungGen      total 1071616K, used 169982K [0x000000076cb00000, 0x00000007bfe00000, 0x00000007c0000000)
  eden space 782336K, 0% used [0x000000076cb00000,0x000000076cb00000,0x000000079c700000)
  from space 289280K, 58% used [0x00000007ae380000,0x00000007b897f850,0x00000007bfe00000)
  to   space 290304K, 0% used [0x000000079c700000,0x000000079c700000,0x00000007ae280000)
 ParOldGen       total 1275392K, used 935056K [0x00000006c6000000, 0x0000000713d80000, 0x000000076cb00000)
  object space 1275392K, 73% used [0x00000006c6000000,0x00000006ff124080,0x0000000713d80000)
 Metaspace       used 42773K, capacity 43224K, committed 43392K, reserved 1085440K
  class space    used 6592K, capacity 6724K, committed 6784K, reserved 1048576K
}
Event: 21,022 GC heap before
{Heap before GC invocations=31 (full 6):
 PSYoungGen      total 1071616K, used 952318K [0x000000076cb00000, 0x00000007bfe00000, 0x00000007c0000000)
  eden space 782336K, 100% used [0x000000076cb00000,0x000000079c700000,0x000000079c700000)
  from space 289280K, 58% used [0x00000007ae380000,0x00000007b897f850,0x00000007bfe00000)
  to   space 290304K, 0% used [0x000000079c700000,0x000000079c700000,0x00000007ae280000)
 ParOldGen       total 1275392K, used 935056K [0x00000006c6000000, 0x0000000713d80000, 0x000000076cb00000)
  object space 1275392K, 73% used [0x00000006c6000000,0x00000006ff124080,0x0000000713d80000)
 Metaspace       used 42773K, capacity 43224K, committed 43392K, reserved 1085440K
  class space    used 6592K, capacity 6724K, committed 6784K, reserved 1048576K
Event: 21,082 GC heap after
Heap after GC invocations=31 (full 6):
 PSYoungGen      total 1072640K, used 169822K [0x000000076cb00000, 0x00000007bfd00000, 0x00000007c0000000)
  eden space 782336K, 0% used [0x000000076cb00000,0x000000076cb00000,0x000000079c700000)
  from space 290304K, 58% used [0x000000079c700000,0x00000007a6cd7820,0x00000007ae280000)
  to   space 288256K, 0% used [0x00000007ae380000,0x00000007ae380000,0x00000007bfd00000)
 ParOldGen       total 1275392K, used 935056K [0x00000006c6000000, 0x0000000713d80000, 0x000000076cb00000)
  object space 1275392K, 73% used [0x00000006c6000000,0x00000006ff124080,0x0000000713d80000)
 Metaspace       used 42773K, capacity 43224K, committed 43392K, reserved 1085440K
  class space    used 6592K, capacity 6724K, committed 6784K, reserved 1048576K
}
Event: 22,403 GC heap before
{Heap before GC invocations=32 (full 6):
 PSYoungGen      total 1072640K, used 949611K [0x000000076cb00000, 0x00000007bfd00000, 0x00000007c0000000)
  eden space 782336K, 99% used [0x000000076cb00000,0x000000079c483720,0x000000079c700000)
  from space 290304K, 58% used [0x000000079c700000,0x00000007a6cd7820,0x00000007ae280000)
  to   space 288256K, 0% used [0x00000007ae380000,0x00000007ae380000,0x00000007bfd00000)
 ParOldGen       total 1275392K, used 935056K [0x00000006c6000000, 0x0000000713d80000, 0x000000076cb00000)
  object space 1275392K, 73% used [0x00000006c6000000,0x00000006ff124080,0x0000000713d80000)
 Metaspace       used 43796K, capacity 44372K, committed 44672K, reserved 1087488K
  class space    used 6794K, capacity 6958K, committed 7040K, reserved 1048576K
Event: 22,467 GC heap after
Heap after GC invocations=32 (full 6):
 PSYoungGen      total 1070592K, used 170757K [0x000000076cb00000, 0x00000007bf900000, 0x00000007c0000000)
  eden space 786432K, 0% used [0x000000076cb00000,0x000000076cb00000,0x000000079cb00000)
  from space 284160K, 60% used [0x00000007ae380000,0x00000007b8a41598,0x00000007bf900000)
  to   space 285696K, 0% used [0x000000079cb00000,0x000000079cb00000,0x00000007ae200000)
 ParOldGen       total 1275392K, used 935064K [0x00000006c6000000, 0x0000000713d80000, 0x000000076cb00000)
  object space 1275392K, 73% used [0x00000006c6000000,0x00000006ff126080,0x0000000713d80000)
 Metaspace       used 43796K, capacity 44372K, committed 44672K, reserved 1087488K
  class space    used 6794K, capacity 6958K, committed 7040K, reserved 1048576K
}
Event: 84,094 GC heap before
{Heap before GC invocations=33 (full 6):
 PSYoungGen      total 1070592K, used 957189K [0x000000076cb00000, 0x00000007bf900000, 0x00000007c0000000)
  eden space 786432K, 100% used [0x000000076cb00000,0x000000079cb00000,0x000000079cb00000)
  from space 284160K, 60% used [0x00000007ae380000,0x00000007b8a41598,0x00000007bf900000)
  to   space 285696K, 0% used [0x000000079cb00000,0x000000079cb00000,0x00000007ae200000)
 ParOldGen       total 1275392K, used 935064K [0x00000006c6000000, 0x0000000713d80000, 0x000000076cb00000)
  object space 1275392K, 73% used [0x00000006c6000000,0x00000006ff126080,0x0000000713d80000)
 Metaspace       used 53454K, capacity 54168K, committed 54528K, reserved 1095680K
  class space    used 7873K, capacity 8070K, committed 8192K, reserved 1048576K
Event: 84,158 GC heap after
Heap after GC invocations=33 (full 6):
 PSYoungGen      total 1072128K, used 182096K [0x000000076cb00000, 0x00000007c0000000, 0x00000007c0000000)
  eden space 786432K, 0% used [0x000000076cb00000,0x000000076cb00000,0x000000079cb00000)
  from space 285696K, 63% used [0x000000079cb00000,0x00000007a7cd4068,0x00000007ae200000)
  to   space 286720K, 0% used [0x00000007ae800000,0x00000007ae800000,0x00000007c0000000)
 ParOldGen       total 1275392K, used 935080K [0x00000006c6000000, 0x0000000713d80000, 0x000000076cb00000)
  object space 1275392K, 73% used [0x00000006c6000000,0x00000006ff12a080,0x0000000713d80000)
 Metaspace       used 53454K, capacity 54168K, committed 54528K, reserved 1095680K
  class space    used 7873K, capacity 8070K, committed 8192K, reserved 1048576K
}
Event: 84,961 GC heap before
{Heap before GC invocations=34 (full 6):
 PSYoungGen      total 1072128K, used 968503K [0x000000076cb00000, 0x00000007c0000000, 0x00000007c0000000)
  eden space 786432K, 99% used [0x000000076cb00000,0x000000079caf9cb0,0x000000079cb00000)
  from space 285696K, 63% used [0x000000079cb00000,0x00000007a7cd4068,0x00000007ae200000)
  to   space 286720K, 0% used [0x00000007ae800000,0x00000007ae800000,0x00000007c0000000)
 ParOldGen       total 1275392K, used 935080K [0x00000006c6000000, 0x0000000713d80000, 0x000000076cb00000)
  object space 1275392K, 73% used [0x00000006c6000000,0x00000006ff12a080,0x0000000713d80000)
 Metaspace       used 53907K, capacity 54644K, committed 54784K, reserved 1095680K
  class space    used 7976K, capacity 8176K, committed 8192K, reserved 1048576K
Event: 85,022 GC heap after
Heap after GC invocations=34 (full 6):
 PSYoungGen      total 1077248K, used 179717K [0x000000076cb00000, 0x00000007bfe00000, 0x00000007c0000000)
  eden space 792576K, 0% used [0x000000076cb00000,0x000000076cb00000,0x000000079d100000)
  from space 284672K, 63% used [0x00000007ae800000,0x00000007b97815c8,0x00000007bfe00000)
  to   space 285184K, 0% used [0x000000079d100000,0x000000079d100000,0x00000007ae780000)
 ParOldGen       total 1275392K, used 935088K [0x00000006c6000000, 0x0000000713d80000, 0x000000076cb00000)
  object space 1275392K, 73% used [0x00000006c6000000,0x00000006ff12c080,0x0000000713d80000)
 Metaspace       used 53907K, capacity 54644K, committed 54784K, reserved 1095680K
  class space    used 7976K, capacity 8176K, committed 8192K, reserved 1048576K
}

